{
  "0 debug pnpm:scope": {
    "selected": 1,
    "workspacePrefix": "/Users/joostschuur/Code/Personal/_Tests/workspaces-prisma-nextjs-serverless"
  },
  "1 error pnpm": {
    "errno": 1,
    "code": "ELIFECYCLE",
    "pkgid": "workspaces-prisma-nextjs-serverless@1.0.0",
    "stage": "prisma:generate",
    "script": "pnpx prisma generate --schema ./packages/prisma/prisma/schema.prisma",
    "pkgname": "workspaces-prisma-nextjs-serverless",
    "err": {
      "name": "pnpm",
      "message": "workspaces-prisma-nextjs-serverless@1.0.0 prisma:generate: `pnpx prisma generate --schema ./packages/prisma/prisma/schema.prisma`\nExit status 1",
      "code": "ELIFECYCLE",
      "stack": "pnpm: workspaces-prisma-nextjs-serverless@1.0.0 prisma:generate: `pnpx prisma generate --schema ./packages/prisma/prisma/schema.prisma`\nExit status 1\n    at EventEmitter.<anonymous> (/Users/joostschuur/Library/pnpm/global/5/.pnpm/pnpm@7.3.0/node_modules/pnpm/dist/pnpm.cjs:108415:20)\n    at EventEmitter.emit (node:events:527:28)\n    at ChildProcess.<anonymous> (/Users/joostschuur/Library/pnpm/global/5/.pnpm/pnpm@7.3.0/node_modules/pnpm/dist/pnpm.cjs:94981:18)\n    at ChildProcess.emit (node:events:527:28)\n    at maybeClose (node:internal/child_process:1092:16)\n    at Process.ChildProcess._handle.onexit (node:internal/child_process:302:5)"
    }
  }
}